<html>
<head>
<title>TestNG:  Task 5 [Chrome]</title>
<link href="../testng.css" rel="stylesheet" type="text/css" />
<link href="../my-testng.css" rel="stylesheet" type="text/css" />

<style type="text/css">
.log { display: none;} 
.stack-trace { display: none;} 
</style>
<script type="text/javascript">
<!--
function flip(e) {
  current = e.style.display;
  if (current == 'block') {
    e.style.display = 'none';
    return 0;
  }
  else {
    e.style.display = 'block';
    return 1;
  }
}

function toggleBox(szDivId, elem, msg1, msg2)
{
  var res = -1;  if (document.getElementById) {
    res = flip(document.getElementById(szDivId));
  }
  else if (document.all) {
    // this is the way old msie versions work
    res = flip(document.all[szDivId]);
  }
  if(elem) {
    if(res == 0) elem.innerHTML = msg1; else elem.innerHTML = msg2;
  }

}

function toggleAllBoxes() {
  if (document.getElementsByTagName) {
    d = document.getElementsByTagName('div');
    for (i = 0; i < d.length; i++) {
      if (d[i].className == 'log') {
        flip(d[i]);
      }
    }
  }
}

// -->
</script>

</head>
<body>
<h2 align='center'>Task 5 [Chrome]</h2><table border='1' align="center">
<tr>
<td>Tests passed/Failed/Skipped:</td><td>1/1/0</td>
</tr><tr>
<td>Started on:</td><td>Mon Dec 04 00:26:21 EET 2017</td>
</tr>
<tr><td>Total time:</td><td>39 seconds (39809 ms)</td>
</tr><tr>
<td>Included groups:</td><td></td>
</tr><tr>
<td>Excluded groups:</td><td></td>
</tr>
</table><p/>
<small><i>(Hover the method name to see the test class name)</i></small><p/>
<table width='100%' border='1' class='invocation-failed'>
<tr><td colspan='4' align='center'><b>FAILED TESTS</b></td></tr>
<tr><td><b>Test method</b></td>
<td width="30%"><b>Exception</b></td>
<td width="10%"><b>Time (seconds)</b></td>
<td><b>Instance</b></td>
</tr>
<tr>
<td title='myprojects.automation.assignment5.tests.PlaceOrderTest.createNewOrder()'><b>createNewOrder</b><br>Test class: myprojects.automation.assignment5.tests.PlaceOrderTest<br/>
<a href="#Output-3237856" onClick='toggleBox("Output-3237856", this, "Show output", "Hide output");'>Show output</a>

<a href="#Output-3237856" onClick="toggleAllBoxes();">Show all outputs</a>
<div class='log' id="Output-3237856">
[00:26:28.352] Search for element By.xpath: //a[@class='all-product-link' or contains(.,'??? ??????')]<br/>
[00:26:28.385] Execute script: arguments[0].scrollIntoView(true);<br/>
[00:26:28.396] Script executed<br/>
[00:26:28.396] Search for element By.xpath: //a[@class='all-product-link' or contains(.,'??? ??????')]<br/>
[00:26:28.43 ] Click on element a<br/>
[00:26:29.526] Search for element By.cssSelector: .product-description<br/>
[00:26:29.611] Click on element div<br/>
[00:26:30.459] Search for element By.cssSelector: h1.h1<br/>
[00:26:30.516] Search for element By.cssSelector: div.current-price > span<br/>
[00:26:30.571] Search for element By.cssSelector: div.product-quantities > span<br/>
[00:26:30.627] Search for element By.cssSelector: button.btn.btn-primary.add-to-cart<br/>
[00:26:30.661] Click on element button<br/>
[00:26:30.761] Search for element By.cssSelector: a.btn.btn-primary<br/>
[00:26:31.903] Search for element By.cssSelector: a.btn.btn-primary<br/>
[00:26:31.93 ] Click on element a<br/>
[00:26:32.617] Search for element By.cssSelector: div.product-line-info > span.value:nth-child(1)<br/>
[00:26:32.677] Search for element By.cssSelector: input.js-cart-line-product-quantity.form-control<br/>
[00:26:32.723] Search for element By.cssSelector: a.btn.btn-primary<br/>
[00:26:32.745] Click on element a<br/>
[00:26:33.543] Search for element By.name: firstname<br/>
[00:26:33.598] Change value of input: Name
<br/>
[00:26:33.722] Changed element input<br/>
[00:26:33.722] Search for element By.name: lastname<br/>
[00:26:33.755] Change value of input: LastName
<br/>
[00:26:33.875] Changed element input<br/>
[00:26:33.875] Search for element By.name: email<br/>
[00:26:33.911] Change value of input: 93903@93903.com
<br/>
[00:26:34.07 ] Changed element input<br/>
[00:26:34.071] Search for element By.cssSelector: button.continue<br/>
[00:26:34.102] Click on element button<br/>
[00:26:35.193] Search for element By.name: address1<br/>
[00:26:35.244] Change value of input: Street 95235, 95
<br/>
[00:26:35.459] Changed element input<br/>
[00:26:35.459] Search for element By.name: postcode<br/>
[00:26:35.492] Change value of input: 13098
<br/>
[00:26:35.6  ] Changed element input<br/>
[00:26:35.6  ] Search for element By.name: city<br/>
[00:26:35.637] Change value of input: City95629
<br/>
[00:26:35.792] Changed element input<br/>
[00:26:35.792] Search for element By.name: confirm-addresses<br/>
[00:26:35.825] Click on element button<br/>
[00:26:36.732] Search for element By.name: confirmDeliveryOption<br/>
[00:26:36.783] Click on element button<br/>
[00:26:37.743] Search for element By.xpath: //*[@id='payment-option-2-container']/label/span<br/>
[00:26:37.777] Click on element span<br/>
[00:26:37.885] Search for element By.name: conditions_to_approve[terms-and-conditions]<br/>
[00:26:37.945] Click on element input<br/>
[00:26:38.044] Search for element By.cssSelector: button.btn.btn-primary.center-block<br/>
[00:26:38.082] Click on element button<br/>
[00:26:39.314] Search for element By.cssSelector: h3.h1.card-title<br/>
[00:26:39.377] Search for element By.cssSelector: div.col-xs-5.text-sm-right.text-xs-left<br/>
[00:26:39.431] Search for element By.cssSelector: div.col-xs-2<br/>
[00:26:39.49 ] Search for element By.cssSelector: a.all-product-link<br/>
[00:26:39.518] Execute script: arguments[0].scrollIntoView(true);<br/>
[00:26:39.53 ] Script executed<br/>
[00:26:39.556] Click on element a<br/>
[00:26:40.561] Search for element By.xpath: //h1//a[contains(.,'Test2')]<br/>
</div>
</td>
<td><div><pre>org.openqa.selenium.NoSuchElementException: no such element: Unable to locate element: {&quot;method&quot;:&quot;xpath&quot;,&quot;selector&quot;:&quot;//h1//a[contains(.,&apos;Test2&apos;)]&quot;}
  (Session info: chrome=62.0.3202.94)
  (Driver info: chromedriver=2.33.506120 (e3e53437346286c0bc2d2dc9aa4915ba81d9023f),platform=Windows NT 6.1.7601 SP1 x86_64) (WARNING: The server did not provide any stacktrace information)
Command duration or timeout: 20.06 seconds
For documentation on this error, please visit: http://seleniumhq.org/exceptions/no_such_element.html
Build info: version: &apos;3.0.1&apos;, revision: &apos;1969d75&apos;, time: &apos;2016-10-18 09:49:13 -0700&apos;
System info: host: &apos;HP&apos;, ip: &apos;192.168.16.2&apos;, os.name: &apos;Windows 7&apos;, os.arch: &apos;x86&apos;, os.version: &apos;6.1&apos;, java.version: &apos;1.8.0_144&apos;
Driver info: org.openqa.selenium.chrome.ChromeDriver
Capabilities [{applicationCacheEnabled=false, rotatable=false, mobileEmulationEnabled=false, networkConnectionEnabled=false, chrome={chromedriverVersion=2.33.506120 (e3e53437346286c0bc2d2dc9aa4915ba81d9023f), userDataDir=C:\Users\Andrei\AppData\Local\Temp\scoped_dir16768_21322}, takesHeapSnapshot=true, pageLoadStrategy=normal, databaseEnabled=false, handlesAlerts=true, hasTouchScreen=false, version=62.0.3202.94, platform=XP, browserConnectionEnabled=false, nativeEvents=true, acceptSslCerts=true, locationContextEnabled=true, webStorageEnabled=true, browserName=chrome, takesScreenshot=true, javascriptEnabled=true, cssSelectorsEnabled=true, setWindowRect=true, unexpectedAlertBehaviour=}]
Session ID: 3c33066acc6f957a546fe54d15b3a1c0
*** Element info: {Using=xpath, value=//h1//a[contains(.,&apos;Test2&apos;)]}
	at org.openqa.selenium.remote.ErrorHandler.createThrowable(ErrorHandler.java:216)
	at org.openqa.selenium.remote.ErrorHandler.throwIfResponseFailed(ErrorHandler.java:168)
	at org.openqa.selenium.remote.RemoteWebDriver.execute(RemoteWebDriver.java:635)
	at org.openqa.selenium.remote.RemoteWebDriver.findElement(RemoteWebDriver.java:368)
	at org.openqa.selenium.remote.RemoteWebDriver.findElementByXPath(RemoteWebDriver.java:473)
	at org.openqa.selenium.By$ByXPath.findElement(By.java:361)
	at org.openqa.selenium.remote.RemoteWebDriver.findElement(RemoteWebDriver.java:360)
	at org.openqa.selenium.support.events.EventFiringWebDriver$2.invoke(EventFiringWebDriver.java:103)
	at com.sun.proxy.$Proxy7.findElement(Unknown Source)
	at org.openqa.selenium.support.events.EventFiringWebDriver.findElement(EventFiringWebDriver.java:187)
	at myprojects.automation.assignment5.tests.PlaceOrderTest.submitAndVerifyOrder(PlaceOrderTest.java:176)
	at myprojects.automation.assignment5.tests.PlaceOrderTest.createNewOrder(PlaceOrderTest.java:95)
	at java.util.concurrent.FutureTask.run(Unknown Source)
	at java.util.concurrent.ThreadPoolExecutor.runWorker(Unknown Source)
	at java.util.concurrent.ThreadPoolExecutor$Worker.run(Unknown Source)
	at java.lang.Thread.run(Unknown Source)
... Removed 23 stack frames</pre></div><a href='#' onClick='toggleBox("stack-trace3237856", this, "Click to show all stack frames", "Click to hide stack frames")'>Click to show all stack frames</a>
<div class='stack-trace' id='stack-trace3237856'><pre>org.openqa.selenium.NoSuchElementException: no such element: Unable to locate element: {&quot;method&quot;:&quot;xpath&quot;,&quot;selector&quot;:&quot;//h1//a[contains(.,&apos;Test2&apos;)]&quot;}
  (Session info: chrome=62.0.3202.94)
  (Driver info: chromedriver=2.33.506120 (e3e53437346286c0bc2d2dc9aa4915ba81d9023f),platform=Windows NT 6.1.7601 SP1 x86_64) (WARNING: The server did not provide any stacktrace information)
Command duration or timeout: 20.06 seconds
For documentation on this error, please visit: http://seleniumhq.org/exceptions/no_such_element.html
Build info: version: &apos;3.0.1&apos;, revision: &apos;1969d75&apos;, time: &apos;2016-10-18 09:49:13 -0700&apos;
System info: host: &apos;HP&apos;, ip: &apos;192.168.16.2&apos;, os.name: &apos;Windows 7&apos;, os.arch: &apos;x86&apos;, os.version: &apos;6.1&apos;, java.version: &apos;1.8.0_144&apos;
Driver info: org.openqa.selenium.chrome.ChromeDriver
Capabilities [{applicationCacheEnabled=false, rotatable=false, mobileEmulationEnabled=false, networkConnectionEnabled=false, chrome={chromedriverVersion=2.33.506120 (e3e53437346286c0bc2d2dc9aa4915ba81d9023f), userDataDir=C:\Users\Andrei\AppData\Local\Temp\scoped_dir16768_21322}, takesHeapSnapshot=true, pageLoadStrategy=normal, databaseEnabled=false, handlesAlerts=true, hasTouchScreen=false, version=62.0.3202.94, platform=XP, browserConnectionEnabled=false, nativeEvents=true, acceptSslCerts=true, locationContextEnabled=true, webStorageEnabled=true, browserName=chrome, takesScreenshot=true, javascriptEnabled=true, cssSelectorsEnabled=true, setWindowRect=true, unexpectedAlertBehaviour=}]
Session ID: 3c33066acc6f957a546fe54d15b3a1c0
*** Element info: {Using=xpath, value=//h1//a[contains(.,&apos;Test2&apos;)]}
	at sun.reflect.NativeConstructorAccessorImpl.newInstance0(Native Method)
	at sun.reflect.NativeConstructorAccessorImpl.newInstance(Unknown Source)
	at sun.reflect.DelegatingConstructorAccessorImpl.newInstance(Unknown Source)
	at java.lang.reflect.Constructor.newInstance(Unknown Source)
	at org.openqa.selenium.remote.ErrorHandler.createThrowable(ErrorHandler.java:216)
	at org.openqa.selenium.remote.ErrorHandler.throwIfResponseFailed(ErrorHandler.java:168)
	at org.openqa.selenium.remote.RemoteWebDriver.execute(RemoteWebDriver.java:635)
	at org.openqa.selenium.remote.RemoteWebDriver.findElement(RemoteWebDriver.java:368)
	at org.openqa.selenium.remote.RemoteWebDriver.findElementByXPath(RemoteWebDriver.java:473)
	at org.openqa.selenium.By$ByXPath.findElement(By.java:361)
	at org.openqa.selenium.remote.RemoteWebDriver.findElement(RemoteWebDriver.java:360)
	at sun.reflect.GeneratedMethodAccessor3.invoke(Unknown Source)
	at sun.reflect.DelegatingMethodAccessorImpl.invoke(Unknown Source)
	at java.lang.reflect.Method.invoke(Unknown Source)
	at org.openqa.selenium.support.events.EventFiringWebDriver$2.invoke(EventFiringWebDriver.java:103)
	at com.sun.proxy.$Proxy7.findElement(Unknown Source)
	at org.openqa.selenium.support.events.EventFiringWebDriver.findElement(EventFiringWebDriver.java:187)
	at myprojects.automation.assignment5.tests.PlaceOrderTest.submitAndVerifyOrder(PlaceOrderTest.java:176)
	at myprojects.automation.assignment5.tests.PlaceOrderTest.createNewOrder(PlaceOrderTest.java:95)
	at sun.reflect.NativeMethodAccessorImpl.invoke0(Native Method)
	at sun.reflect.NativeMethodAccessorImpl.invoke(Unknown Source)
	at sun.reflect.DelegatingMethodAccessorImpl.invoke(Unknown Source)
	at java.lang.reflect.Method.invoke(Unknown Source)
	at org.testng.internal.MethodInvocationHelper.invokeMethod(MethodInvocationHelper.java:86)
	at org.testng.internal.Invoker.invokeMethod(Invoker.java:643)
	at org.testng.internal.Invoker.invokeTestMethod(Invoker.java:820)
	at org.testng.internal.Invoker.invokeTestMethods(Invoker.java:1128)
	at org.testng.internal.TestMethodWorker.invokeTestMethods(TestMethodWorker.java:129)
	at org.testng.internal.TestMethodWorker.run(TestMethodWorker.java:112)
	at org.testng.TestRunner.privateRun(TestRunner.java:782)
	at org.testng.TestRunner.run(TestRunner.java:632)
	at org.testng.SuiteRunner.runTest(SuiteRunner.java:366)
	at org.testng.SuiteRunner.access$000(SuiteRunner.java:39)
	at org.testng.SuiteRunner$SuiteWorker.run(SuiteRunner.java:400)
	at org.testng.internal.thread.ThreadUtil$2.call(ThreadUtil.java:64)
	at java.util.concurrent.FutureTask.run(Unknown Source)
	at java.util.concurrent.ThreadPoolExecutor.runWorker(Unknown Source)
	at java.util.concurrent.ThreadPoolExecutor$Worker.run(Unknown Source)
	at java.lang.Thread.run(Unknown Source)
</pre></div></td>
<td>32</td>
<td>myprojects.automation.assignment5.tests.PlaceOrderTest@cb644e</td></tr>
</table><p>
<table width='100%' border='1' class='invocation-passed'>
<tr><td colspan='4' align='center'><b>PASSED TESTS</b></td></tr>
<tr><td><b>Test method</b></td>
<td width="30%"><b>Exception</b></td>
<td width="10%"><b>Time (seconds)</b></td>
<td><b>Instance</b></td>
</tr>
<tr>
<td title='myprojects.automation.assignment5.tests.PlaceOrderTest.checkSiteVersion()'><b>checkSiteVersion</b><br>Test class: myprojects.automation.assignment5.tests.PlaceOrderTest<br>Parameters: chrome<br/>
<a href="#Output-29377515" onClick='toggleBox("Output-29377515", this, "Show output", "Hide output");'>Show output</a>

<a href="#Output-29377515" onClick="toggleAllBoxes();">Show all outputs</a>
<div class='log' id="Output-29377515">
[00:26:26.481] Navigate to http://prestashop-automation.qatestlab.com.ua/<br/>
[00:26:28.131] Search for element By.cssSelector: #contact-link > a<br/>
[00:26:28.221] Search for element By.cssSelector: #category-3 > a<br/>
[00:26:28.284] Search for element By.xpath: //div[@class='header']/span[1]<br/>
</div>
</td>
<td></td>
<td>6</td>
<td>myprojects.automation.assignment5.tests.PlaceOrderTest@cb644e</td></tr>
</table><p>
</body>
</html>