<?xml version="1.0" encoding="UTF-8"?>
<!-- Generated by org.testng.reporters.JUnitXMLReporter -->
<testsuite hostname="HP" name="Create New Product [InternetExplorer]" tests="5" failures="4" timestamp="2 Dec 2017 08:19:11 GMT" time="1.653" errors="0">
  <testcase name="CreateNewProduct" time="1.589" classname="myprojects.automation.assignment4.tests.CreateProductTest">
    <failure type="org.openqa.selenium.SessionNotCreatedException" message="Unable to create new remote session. desired capabilities = Capabilities [{ensureCleanSession=true, browserName=internet explorer, version=, platform=WINDOWS}], required capabilities = Capabilities [{}]
Build info: version: &amp;apos;3.0.1&amp;apos;, revision: &amp;apos;1969d75&amp;apos;, time: &amp;apos;2016-10-18 09:49:13 -0700&amp;apos;
System info: host: &amp;apos;HP&amp;apos;, ip: &amp;apos;192.168.0.101&amp;apos;, os.name: &amp;apos;Windows 7&amp;apos;, os.arch: &amp;apos;x86&amp;apos;, os.version: &amp;apos;6.1&amp;apos;, java.version: &amp;apos;1.8.0_144&amp;apos;
Driver info: driver.version: InternetExplorerDriver">
      <![CDATA[org.openqa.selenium.SessionNotCreatedException: Unable to create new remote session. desired capabilities = Capabilities [{ensureCleanSession=true, browserName=internet explorer, version=, platform=WINDOWS}], required capabilities = Capabilities [{}]
Build info: version: '3.0.1', revision: '1969d75', time: '2016-10-18 09:49:13 -0700'
System info: host: 'HP', ip: '192.168.0.101', os.name: 'Windows 7', os.arch: 'x86', os.version: '6.1', java.version: '1.8.0_144'
Driver info: driver.version: InternetExplorerDriver
	at org.openqa.selenium.remote.ProtocolHandshake.createSession(ProtocolHandshake.java:91)
	at org.openqa.selenium.remote.HttpCommandExecutor.execute(HttpCommandExecutor.java:141)
	at org.openqa.selenium.remote.service.DriverCommandExecutor.execute(DriverCommandExecutor.java:82)
	at org.openqa.selenium.remote.RemoteWebDriver.execute(RemoteWebDriver.java:601)
	at org.openqa.selenium.remote.RemoteWebDriver.startSession(RemoteWebDriver.java:241)
	at org.openqa.selenium.remote.RemoteWebDriver.startSession(RemoteWebDriver.java:227)
	at org.openqa.selenium.ie.InternetExplorerDriver.run(InternetExplorerDriver.java:180)
	at org.openqa.selenium.ie.InternetExplorerDriver.<init>(InternetExplorerDriver.java:172)
	at org.openqa.selenium.ie.InternetExplorerDriver.<init>(InternetExplorerDriver.java:144)
	at myprojects.automation.assignment4.BaseTest.getDriver(BaseTest.java:42)
	at myprojects.automation.assignment4.BaseTest.setUp(BaseTest.java:73)
	at myprojects.automation.assignment4.tests.CreateProductTest.CreateNewProduct(CreateProductTest.java:37)
... Removed 24 stack frames]]>
    </failure>
  </testcase> <!-- CreateNewProduct -->
  <testcase name="fillNewProductData" time="0.005" classname="myprojects.automation.assignment4.tests.CreateProductTest">
    <failure type="java.lang.NullPointerException">
      <![CDATA[java.lang.NullPointerException
	at myprojects.automation.assignment4.tests.CreateProductTest.fillNewProductData(CreateProductTest.java:56)
... Removed 24 stack frames]]>
    </failure>
  </testcase> <!-- fillNewProductData -->
  <testcase name="saveNewProduct" time="0.002" classname="myprojects.automation.assignment4.tests.CreateProductTest">
    <failure type="java.lang.NullPointerException">
      <![CDATA[java.lang.NullPointerException
	at myprojects.automation.assignment4.tests.CreateProductTest.saveNewProduct(CreateProductTest.java:85)
... Removed 24 stack frames]]>
    </failure>
  </testcase> <!-- saveNewProduct -->
  <testcase name="verifyCreatedProductInList" time="0.001" classname="myprojects.automation.assignment4.tests.CreateProductTest">
    <failure type="java.lang.NullPointerException">
      <![CDATA[java.lang.NullPointerException
	at myprojects.automation.assignment4.tests.CreateProductTest.verifyCreatedProductInList(CreateProductTest.java:95)
... Removed 24 stack frames]]>
    </failure>
  </testcase> <!-- verifyCreatedProductInList -->
  <testcase name="verifyDetailedProductInformation" time="0.0" classname="myprojects.automation.assignment4.tests.CreateProductTest">
    <skipped/>
  </testcase> <!-- verifyDetailedProductInformation -->
</testsuite> <!-- Create New Product [InternetExplorer] -->
